<?xml version="1.0" encoding="UTF-8"?>
<!-- Generated by org.testng.reporters.JUnitXMLReporter -->
<testsuite ignored="0" hostname="LAPTOP-VTPPVTLJ" failures="5" tests="5" name="Test" time="0.066" errors="0" timestamp="2022-11-13T19:28:51 IST">
  <testcase classname="KnilaPack.TestCase" name="LoginTestCase" time="0.007">
    <failure type="java.lang.NullPointerException" message="Cannot invoke &amp;quot;com.aventstack.extentreports.ExtentReports.createTest(String)&amp;quot; because &amp;quot;this.ExtentReports&amp;quot; is null">
      <![CDATA[java.lang.NullPointerException: Cannot invoke "com.aventstack.extentreports.ExtentReports.createTest(String)" because "this.ExtentReports" is null
at KnilaPack.TestCase.LoginTestCase(TestCase.java:41)
at java.base/java.util.ArrayList.forEach(ArrayList.java:1511)
... Removed 27 stack frames]]>
    </failure>
  </testcase> <!-- LoginTestCase -->
  <testcase classname="KnilaPack.TestCase" name="RegisterTestCase" time="0.002">
    <failure type="java.lang.NullPointerException" message="Cannot invoke &amp;quot;com.aventstack.extentreports.ExtentReports.createTest(String)&amp;quot; because &amp;quot;this.ExtentReports&amp;quot; is null">
      <![CDATA[java.lang.NullPointerException: Cannot invoke "com.aventstack.extentreports.ExtentReports.createTest(String)" because "this.ExtentReports" is null
at KnilaPack.TestCase.RegisterTestCase(TestCase.java:78)
at java.base/java.util.ArrayList.forEach(ArrayList.java:1511)
... Removed 27 stack frames]]>
    </failure>
  </testcase> <!-- RegisterTestCase -->
  <testcase classname="KnilaPack.TestCase" name="StartVisitTestCase" time="0.002">
    <failure type="java.lang.NullPointerException" message="Cannot invoke &amp;quot;com.aventstack.extentreports.ExtentReports.createTest(String)&amp;quot; because &amp;quot;this.ExtentReports&amp;quot; is null">
      <![CDATA[java.lang.NullPointerException: Cannot invoke "com.aventstack.extentreports.ExtentReports.createTest(String)" because "this.ExtentReports" is null
at KnilaPack.TestCase.StartVisitTestCase(TestCase.java:167)
at java.base/java.util.ArrayList.forEach(ArrayList.java:1511)
... Removed 27 stack frames]]>
    </failure>
  </testcase> <!-- StartVisitTestCase -->
  <testcase classname="KnilaPack.TestCase" name="PatientDetails" time="0.002">
    <failure type="java.lang.NullPointerException" message="Cannot invoke &amp;quot;com.aventstack.extentreports.ExtentReports.createTest(String)&amp;quot; because &amp;quot;this.ExtentReports&amp;quot; is null">
      <![CDATA[java.lang.NullPointerException: Cannot invoke "com.aventstack.extentreports.ExtentReports.createTest(String)" because "this.ExtentReports" is null
at KnilaPack.TestCase.PatientDetails(TestCase.java:217)
at java.base/java.util.ArrayList.forEach(ArrayList.java:1511)
... Removed 27 stack frames]]>
    </failure>
  </testcase> <!-- PatientDetails -->
  <testcase classname="KnilaPack.TestCase" name="PatientRecordSearch" time="0.001">
    <failure type="java.lang.NullPointerException" message="Cannot invoke &amp;quot;com.aventstack.extentreports.ExtentReports.createTest(String)&amp;quot; because &amp;quot;this.ExtentReports&amp;quot; is null">
      <![CDATA[java.lang.NullPointerException: Cannot invoke "com.aventstack.extentreports.ExtentReports.createTest(String)" because "this.ExtentReports" is null
at KnilaPack.TestCase.PatientRecordSearch(TestCase.java:279)
at java.base/java.util.ArrayList.forEach(ArrayList.java:1511)
... Removed 27 stack frames]]>
    </failure>
  </testcase> <!-- PatientRecordSearch -->
</testsuite> <!-- Test -->
