<?xml version="1.0" encoding="UTF-8"?>
<!-- Generated by org.testng.reporters.JUnitXMLReporter -->
<testsuite ignored="0" hostname="LAPTOP-VTPPVTLJ" failures="0" tests="5" name="Test" time="51.153" errors="0" timestamp="2022-11-14T14:34:52 IST">
  <testcase classname="KnilaPack.TestCase" name="LoginTestCase" time="5.071"/>
  <testcase classname="KnilaPack.TestCase" name="RegisterTestCase" time="13.162"/>
  <testcase classname="KnilaPack.TestCase" name="StartVisitTestCase" time="20.255"/>
  <testcase classname="KnilaPack.TestCase" name="PatientDetails" time="8.713"/>
  <testcase classname="KnilaPack.TestCase" name="PatientRecordSearch" time="3.907"/>
</testsuite> <!-- Test -->
