<?xml version="1.0" encoding="UTF-8"?>
<!-- Generated by org.testng.reporters.JUnitXMLReporter -->
<testsuite ignored="0" hostname="LAPTOP-VTPPVTLJ" failures="0" tests="5" name="Default test" time="58.235" errors="0" timestamp="2022-11-14T14:30:20 IST">
  <testcase classname="KnilaPack.TestCase" name="LoginTestCase" time="4.294"/>
  <testcase classname="KnilaPack.TestCase" name="RegisterTestCase" time="14.148"/>
  <testcase classname="KnilaPack.TestCase" name="StartVisitTestCase" time="27.502"/>
  <testcase classname="KnilaPack.TestCase" name="PatientDetails" time="8.566"/>
  <testcase classname="KnilaPack.TestCase" name="PatientRecordSearch" time="3.677"/>
</testsuite> <!-- Default test -->
