<?xml version="1.0" encoding="UTF-8"?>
<testng-results ignored="0" total="1" passed="1" failed="0" skipped="0">
  <reporter-output>
  </reporter-output>
  <suite started-at="2022-11-11T21:36:31 IST" name="Default suite" finished-at="2022-11-11T21:37:35 IST" duration-ms="64397">
    <groups>
    </groups>
    <test started-at="2022-11-11T21:36:31 IST" name="Default test" finished-at="2022-11-11T21:37:35 IST" duration-ms="64397">
      <class name="KnilaPack.HardCodedTesting">
        <test-method is-config="true" signature="beforeSuite()[pri:0, instance:KnilaPack.HardCodedTesting@57cf54e1]" started-at="2022-11-11T21:36:24 IST" name="beforeSuite" finished-at="2022-11-11T21:36:31 IST" duration-ms="6830" status="PASS">
          <reporter-output>
          </reporter-output>
        </test-method> <!-- beforeSuite -->
        <test-method signature="LoginTestCase()[pri:0, instance:KnilaPack.HardCodedTesting@57cf54e1]" started-at="2022-11-11T21:36:31 IST" name="LoginTestCase" finished-at="2022-11-11T21:37:35 IST" duration-ms="64351" status="PASS">
          <reporter-output>
          </reporter-output>
        </test-method> <!-- LoginTestCase -->
        <test-method is-config="true" signature="afterSuite()[pri:0, instance:KnilaPack.HardCodedTesting@57cf54e1]" started-at="2022-11-11T21:37:36 IST" name="afterSuite" finished-at="2022-11-11T21:37:36 IST" duration-ms="1" status="PASS">
          <reporter-output>
          </reporter-output>
        </test-method> <!-- afterSuite -->
      </class> <!-- KnilaPack.HardCodedTesting -->
    </test> <!-- Default test -->
  </suite> <!-- Default suite -->
</testng-results>
