<?xml version="1.0" encoding="UTF-8"?>
<testng-results ignored="0" total="5" passed="5" failed="0" skipped="0">
  <reporter-output>
  </reporter-output>
  <suite started-at="2022-11-14T00:25:29 IST" name="Suite" finished-at="2022-11-14T00:26:31 IST" duration-ms="62405">
    <groups>
    </groups>
    <test started-at="2022-11-14T00:25:29 IST" name="Test" finished-at="2022-11-14T00:26:31 IST" duration-ms="62405">
      <class name="KnilaPack.TestCase">
        <test-method is-config="true" signature="BrowserLaunch()[pri:0, instance:KnilaPack.TestCase@26d9b808]" started-at="2022-11-14T00:25:19 IST" name="BrowserLaunch" finished-at="2022-11-14T00:25:29 IST" duration-ms="9814" status="PASS">
          <reporter-output>
          </reporter-output>
        </test-method> <!-- BrowserLaunch -->
        <test-method signature="LoginTestCase()[pri:0, instance:KnilaPack.TestCase@26d9b808]" started-at="2022-11-14T00:25:29 IST" name="LoginTestCase" finished-at="2022-11-14T00:25:33 IST" duration-ms="3975" status="PASS">
          <reporter-output>
          </reporter-output>
        </test-method> <!-- LoginTestCase -->
        <test-method signature="RegisterTestCase()[pri:1, instance:KnilaPack.TestCase@26d9b808]" started-at="2022-11-14T00:25:33 IST" name="RegisterTestCase" finished-at="2022-11-14T00:25:48 IST" duration-ms="15469" status="PASS">
          <reporter-output>
          </reporter-output>
        </test-method> <!-- RegisterTestCase -->
        <test-method signature="StartVisitTestCase()[pri:2, instance:KnilaPack.TestCase@26d9b808]" started-at="2022-11-14T00:25:48 IST" name="StartVisitTestCase" finished-at="2022-11-14T00:26:18 IST" duration-ms="29639" status="PASS">
          <reporter-output>
          </reporter-output>
        </test-method> <!-- StartVisitTestCase -->
        <test-method signature="PatientDetails()[pri:3, instance:KnilaPack.TestCase@26d9b808]" started-at="2022-11-14T00:26:18 IST" name="PatientDetails" finished-at="2022-11-14T00:26:27 IST" duration-ms="8832" status="PASS">
          <reporter-output>
          </reporter-output>
        </test-method> <!-- PatientDetails -->
        <test-method signature="PatientRecordSearch()[pri:4, instance:KnilaPack.TestCase@26d9b808]" started-at="2022-11-14T00:26:27 IST" name="PatientRecordSearch" finished-at="2022-11-14T00:26:31 IST" duration-ms="4442" status="PASS">
          <reporter-output>
          </reporter-output>
        </test-method> <!-- PatientRecordSearch -->
        <test-method is-config="true" signature="Browserclose()[pri:0, instance:KnilaPack.TestCase@26d9b808]" started-at="2022-11-14T00:26:31 IST" name="Browserclose" finished-at="2022-11-14T00:26:35 IST" duration-ms="4139" status="PASS">
          <reporter-output>
          </reporter-output>
        </test-method> <!-- Browserclose -->
      </class> <!-- KnilaPack.TestCase -->
    </test> <!-- Test -->
  </suite> <!-- Suite -->
</testng-results>
